FXC : warning X4717: Effects deprecated for D3DCompiler_47
C:\Users\zooz2\Desktop\Portfolio\Client\Bin\ShaderFiles\Shader_Particle.fx(75,14-32): warning X3576: semantics in type overridden by variable/function or enclosing type
  
  compilation object save succeeded; see C:\Users\zooz2\Desktop\Portfolio\Client\Bin\Shader_Particle.cso
  CollisionMgr.cpp
c:\users\zooz2\desktop\portfolio\reference\headers\GameObject.h(45): warning C4251: 'Engine::CGameObject::m_mapComponents': class 'std::unordered_map<const Engine::_tchar *,Engine::CComponent *,std::hash<_Kty>,std::equal_to<_Kty>,std::allocator<std::pair<const _Kty,_Ty>>>'에서는 class 'Engine::CGameObject'의 클라이언트에서 DLL 인터페이스를 사용하도록 지정해야 합니다.
          with
          [
              _Kty=const Engine::_tchar *,
              _Ty=Engine::CComponent *
          ]
  c:\users\zooz2\desktop\portfolio\reference\headers\GameObject.h(45): note: 'std::unordered_map<const Engine::_tchar *,Engine::CComponent *,std::hash<_Kty>,std::equal_to<_Kty>,std::allocator<std::pair<const _Kty,_Ty>>>' 선언을 참조하십시오.
          with
          [
              _Kty=const Engine::_tchar *,
              _Ty=Engine::CComponent *
          ]
c:\users\zooz2\desktop\portfolio\reference\headers\Transform.h(60): warning C4251: 'Engine::CTransform::m_WorldMatrix': struct 'D3DXMATRIX'에서는 class 'Engine::CTransform'의 클라이언트에서 DLL 인터페이스를 사용하도록 지정해야 합니다.
  c:\program files (x86)\microsoft directx sdk (june 2010)\include\d3dx9math.h(312): note: 'D3DXMATRIX' 선언을 참조하십시오.
c:\users\zooz2\desktop\portfolio\reference\headers\Camera.h(36): warning C4251: 'Engine::CCamera::m_ViewMatrix': struct 'D3DXMATRIX'에서는 class 'Engine::CCamera'의 클라이언트에서 DLL 인터페이스를 사용하도록 지정해야 합니다.
  c:\program files (x86)\microsoft directx sdk (june 2010)\include\d3dx9math.h(312): note: 'D3DXMATRIX' 선언을 참조하십시오.
c:\users\zooz2\desktop\portfolio\reference\headers\Camera.h(37): warning C4251: 'Engine::CCamera::m_ProjMatrix': struct 'D3DXMATRIX'에서는 class 'Engine::CCamera'의 클라이언트에서 DLL 인터페이스를 사용하도록 지정해야 합니다.
  c:\program files (x86)\microsoft directx sdk (june 2010)\include\d3dx9math.h(312): note: 'D3DXMATRIX' 선언을 참조하십시오.
c:\users\zooz2\desktop\portfolio\reference\headers\Frustum.h(21): warning C4251: 'Engine::CFrustum::m_vProjPoint': struct 'D3DXVECTOR3'에서는 class 'Engine::CFrustum'의 클라이언트에서 DLL 인터페이스를 사용하도록 지정해야 합니다.
  c:\program files (x86)\microsoft directx sdk (june 2010)\include\d3dx9math.h(162): note: 'D3DXVECTOR3' 선언을 참조하십시오.
c:\users\zooz2\desktop\portfolio\reference\headers\Frustum.h(23): warning C4251: 'Engine::CFrustum::m_Plane': struct 'D3DXPLANE'에서는 class 'Engine::CFrustum'의 클라이언트에서 DLL 인터페이스를 사용하도록 지정해야 합니다.
  c:\program files (x86)\microsoft directx sdk (june 2010)\include\d3dx9math.h(472): note: 'D3DXPLANE' 선언을 참조하십시오.
c:\users\zooz2\desktop\portfolio\reference\headers\Texture.h(24): warning C4251: 'Engine::CTexture::m_Textures': class 'std::vector<IDirect3DBaseTexture9 *,std::allocator<_Ty>>'에서는 class 'Engine::CTexture'의 클라이언트에서 DLL 인터페이스를 사용하도록 지정해야 합니다.
          with
          [
              _Ty=IDirect3DBaseTexture9 *
          ]
  c:\users\zooz2\desktop\portfolio\reference\headers\Texture.h(24): note: 'std::vector<IDirect3DBaseTexture9 *,std::allocator<_Ty>>' 선언을 참조하십시오.
          with
          [
              _Ty=IDirect3DBaseTexture9 *
          ]
c:\users\zooz2\desktop\portfolio\reference\headers\Renderer.h(29): warning C4251: 'Engine::CRenderer::m_RenderList': class 'std::list<Engine::CGameObject *,std::allocator<_Ty>>'에서는 class 'Engine::CRenderer'의 클라이언트에서 DLL 인터페이스를 사용하도록 지정해야 합니다.
          with
          [
              _Ty=Engine::CGameObject *
          ]
  c:\users\zooz2\desktop\portfolio\reference\headers\Layer.h(24): note: 'std::list<Engine::CGameObject *,std::allocator<_Ty>>' 선언을 참조하십시오.
          with
          [
              _Ty=Engine::CGameObject *
          ]
c:\users\zooz2\desktop\portfolio\reference\headers\Collider.h(66): warning C4251: 'Engine::CCollider::m_vMin': struct 'D3DXVECTOR3'에서는 class 'Engine::CCollider'의 클라이언트에서 DLL 인터페이스를 사용하도록 지정해야 합니다.
  c:\program files (x86)\microsoft directx sdk (june 2010)\include\d3dx9math.h(162): note: 'D3DXVECTOR3' 선언을 참조하십시오.
c:\users\zooz2\desktop\portfolio\reference\headers\Collider.h(66): warning C4251: 'Engine::CCollider::m_vMax': struct 'D3DXVECTOR3'에서는 class 'Engine::CCollider'의 클라이언트에서 DLL 인터페이스를 사용하도록 지정해야 합니다.
  c:\program files (x86)\microsoft directx sdk (june 2010)\include\d3dx9math.h(162): note: 'D3DXVECTOR3' 선언을 참조하십시오.
c:\users\zooz2\desktop\portfolio\reference\headers\Collider.h(69): warning C4251: 'Engine::CCollider::m_vPoint': struct 'D3DXVECTOR3'에서는 class 'Engine::CCollider'의 클라이언트에서 DLL 인터페이스를 사용하도록 지정해야 합니다.
  c:\program files (x86)\microsoft directx sdk (june 2010)\include\d3dx9math.h(162): note: 'D3DXVECTOR3' 선언을 참조하십시오.
c:\users\zooz2\desktop\portfolio\reference\headers\Cell.h(42): warning C4251: 'Engine::CCell::m_vPoint': struct 'D3DXVECTOR3'에서는 class 'Engine::CCell'의 클라이언트에서 DLL 인터페이스를 사용하도록 지정해야 합니다.
  c:\program files (x86)\microsoft directx sdk (june 2010)\include\d3dx9math.h(162): note: 'D3DXVECTOR3' 선언을 참조하십시오.
c:\users\zooz2\desktop\portfolio\reference\headers\Cell.h(43): warning C4251: 'Engine::CCell::m_vDir': struct 'D3DXVECTOR3'에서는 class 'Engine::CCell'의 클라이언트에서 DLL 인터페이스를 사용하도록 지정해야 합니다.
  c:\program files (x86)\microsoft directx sdk (june 2010)\include\d3dx9math.h(162): note: 'D3DXVECTOR3' 선언을 참조하십시오.
c:\users\zooz2\desktop\portfolio\reference\headers\Cell.h(44): warning C4251: 'Engine::CCell::m_vNormal': struct 'D3DXVECTOR3'에서는 class 'Engine::CCell'의 클라이언트에서 DLL 인터페이스를 사용하도록 지정해야 합니다.
  c:\program files (x86)\microsoft directx sdk (june 2010)\include\d3dx9math.h(162): note: 'D3DXVECTOR3' 선언을 참조하십시오.
c:\users\zooz2\desktop\portfolio\reference\headers\Cell.h(45): warning C4251: 'Engine::CCell::m_vSurfaceNormal': struct 'D3DXVECTOR3'에서는 class 'Engine::CCell'의 클라이언트에서 DLL 인터페이스를 사용하도록 지정해야 합니다.
  c:\program files (x86)\microsoft directx sdk (june 2010)\include\d3dx9math.h(162): note: 'D3DXVECTOR3' 선언을 참조하십시오.
c:\users\zooz2\desktop\portfolio\reference\headers\Navigation.h(31): warning C4251: 'Engine::CNavigation::m_Cells': class 'std::vector<Engine::CCell *,std::allocator<_Ty>>'에서는 class 'Engine::CNavigation'의 클라이언트에서 DLL 인터페이스를 사용하도록 지정해야 합니다.
          with
          [
              _Ty=Engine::CCell *
          ]
  c:\users\zooz2\desktop\portfolio\reference\headers\Navigation.h(31): note: 'std::vector<Engine::CCell *,std::allocator<_Ty>>' 선언을 참조하십시오.
          with
          [
              _Ty=Engine::CCell *
          ]
c:\users\zooz2\desktop\portfolio\reference\headers\Mesh_Dynamic.h(37): warning C4251: 'Engine::CMesh_Dynamic::m_LocalMatrix': struct 'D3DXMATRIX'에서는 class 'Engine::CMesh_Dynamic'의 클라이언트에서 DLL 인터페이스를 사용하도록 지정해야 합니다.
  c:\program files (x86)\microsoft directx sdk (june 2010)\include\d3dx9math.h(312): note: 'D3DXMATRIX' 선언을 참조하십시오.
c:\users\zooz2\desktop\portfolio\reference\headers\Mesh_Dynamic.h(39): warning C4251: 'Engine::CMesh_Dynamic::m_MeshContainers': class 'std::vector<Engine::D3DXMESHCONTAINER_DERIVED *,std::allocator<_Ty>>'에서는 class 'Engine::CMesh_Dynamic'의 클라이언트에서 DLL 인터페이스를 사용하도록 지정해야 합니다.
          with
          [
              _Ty=Engine::D3DXMESHCONTAINER_DERIVED *
          ]
  c:\users\zooz2\desktop\portfolio\reference\headers\Mesh_Dynamic.h(39): note: 'std::vector<Engine::D3DXMESHCONTAINER_DERIVED *,std::allocator<_Ty>>' 선언을 참조하십시오.
          with
          [
              _Ty=Engine::D3DXMESHCONTAINER_DERIVED *
          ]
C:\Users\zooz2\Desktop\Portfolio\Reference\Headers\Subject.h(19): warning C4251: 'Engine::CSubject::m_ObserverList': class 'std::list<Engine::CObserver *,std::allocator<_Ty>>'에서는 class 'Engine::CSubject'의 클라이언트에서 DLL 인터페이스를 사용하도록 지정해야 합니다.
          with
          [
              _Ty=Engine::CObserver *
          ]
  C:\Users\zooz2\Desktop\Portfolio\Reference\Headers\Subject.h(19): note: 'std::list<Engine::CObserver *,std::allocator<_Ty>>' 선언을 참조하십시오.
          with
          [
              _Ty=Engine::CObserver *
          ]
  Crystal.cpp
C:\Users\zooz2\Desktop\Portfolio\Reference\Headers\GameObject.h(45): warning C4251: 'Engine::CGameObject::m_mapComponents': class 'std::unordered_map<const Engine::_tchar *,Engine::CComponent *,std::hash<_Kty>,std::equal_to<_Kty>,std::allocator<std::pair<const _Kty,_Ty>>>'에서는 class 'Engine::CGameObject'의 클라이언트에서 DLL 인터페이스를 사용하도록 지정해야 합니다.
          with
          [
              _Kty=const Engine::_tchar *,
              _Ty=Engine::CComponent *
          ]
  C:\Users\zooz2\Desktop\Portfolio\Reference\Headers\GameObject.h(45): note: 'std::unordered_map<const Engine::_tchar *,Engine::CComponent *,std::hash<_Kty>,std::equal_to<_Kty>,std::allocator<std::pair<const _Kty,_Ty>>>' 선언을 참조하십시오.
          with
          [
              _Kty=const Engine::_tchar *,
              _Ty=Engine::CComponent *
          ]
c:\users\zooz2\desktop\portfolio\reference\headers\Transform.h(60): warning C4251: 'Engine::CTransform::m_WorldMatrix': struct 'D3DXMATRIX'에서는 class 'Engine::CTransform'의 클라이언트에서 DLL 인터페이스를 사용하도록 지정해야 합니다.
  c:\program files (x86)\microsoft directx sdk (june 2010)\include\d3dx9math.h(312): note: 'D3DXMATRIX' 선언을 참조하십시오.
c:\users\zooz2\desktop\portfolio\reference\headers\Camera.h(36): warning C4251: 'Engine::CCamera::m_ViewMatrix': struct 'D3DXMATRIX'에서는 class 'Engine::CCamera'의 클라이언트에서 DLL 인터페이스를 사용하도록 지정해야 합니다.
  c:\program files (x86)\microsoft directx sdk (june 2010)\include\d3dx9math.h(312): note: 'D3DXMATRIX' 선언을 참조하십시오.
c:\users\zooz2\desktop\portfolio\reference\headers\Camera.h(37): warning C4251: 'Engine::CCamera::m_ProjMatrix': struct 'D3DXMATRIX'에서는 class 'Engine::CCamera'의 클라이언트에서 DLL 인터페이스를 사용하도록 지정해야 합니다.
  c:\program files (x86)\microsoft directx sdk (june 2010)\include\d3dx9math.h(312): note: 'D3DXMATRIX' 선언을 참조하십시오.
c:\users\zooz2\desktop\portfolio\reference\headers\Frustum.h(21): warning C4251: 'Engine::CFrustum::m_vProjPoint': struct 'D3DXVECTOR3'에서는 class 'Engine::CFrustum'의 클라이언트에서 DLL 인터페이스를 사용하도록 지정해야 합니다.
  c:\program files (x86)\microsoft directx sdk (june 2010)\include\d3dx9math.h(162): note: 'D3DXVECTOR3' 선언을 참조하십시오.
c:\users\zooz2\desktop\portfolio\reference\headers\Frustum.h(23): warning C4251: 'Engine::CFrustum::m_Plane': struct 'D3DXPLANE'에서는 class 'Engine::CFrustum'의 클라이언트에서 DLL 인터페이스를 사용하도록 지정해야 합니다.
  c:\program files (x86)\microsoft directx sdk (june 2010)\include\d3dx9math.h(472): note: 'D3DXPLANE' 선언을 참조하십시오.
c:\users\zooz2\desktop\portfolio\reference\headers\Texture.h(24): warning C4251: 'Engine::CTexture::m_Textures': class 'std::vector<IDirect3DBaseTexture9 *,std::allocator<_Ty>>'에서는 class 'Engine::CTexture'의 클라이언트에서 DLL 인터페이스를 사용하도록 지정해야 합니다.
          with
          [
              _Ty=IDirect3DBaseTexture9 *
          ]
  c:\users\zooz2\desktop\portfolio\reference\headers\Texture.h(24): note: 'std::vector<IDirect3DBaseTexture9 *,std::allocator<_Ty>>' 선언을 참조하십시오.
          with
          [
              _Ty=IDirect3DBaseTexture9 *
          ]
c:\users\zooz2\desktop\portfolio\reference\headers\Renderer.h(29): warning C4251: 'Engine::CRenderer::m_RenderList': class 'std::list<Engine::CGameObject *,std::allocator<_Ty>>'에서는 class 'Engine::CRenderer'의 클라이언트에서 DLL 인터페이스를 사용하도록 지정해야 합니다.
          with
          [
              _Ty=Engine::CGameObject *
          ]
  c:\users\zooz2\desktop\portfolio\reference\headers\Layer.h(24): note: 'std::list<Engine::CGameObject *,std::allocator<_Ty>>' 선언을 참조하십시오.
          with
          [
              _Ty=Engine::CGameObject *
          ]
c:\users\zooz2\desktop\portfolio\reference\headers\Collider.h(66): warning C4251: 'Engine::CCollider::m_vMin': struct 'D3DXVECTOR3'에서는 class 'Engine::CCollider'의 클라이언트에서 DLL 인터페이스를 사용하도록 지정해야 합니다.
  c:\program files (x86)\microsoft directx sdk (june 2010)\include\d3dx9math.h(162): note: 'D3DXVECTOR3' 선언을 참조하십시오.
c:\users\zooz2\desktop\portfolio\reference\headers\Collider.h(66): warning C4251: 'Engine::CCollider::m_vMax': struct 'D3DXVECTOR3'에서는 class 'Engine::CCollider'의 클라이언트에서 DLL 인터페이스를 사용하도록 지정해야 합니다.
  c:\program files (x86)\microsoft directx sdk (june 2010)\include\d3dx9math.h(162): note: 'D3DXVECTOR3' 선언을 참조하십시오.
c:\users\zooz2\desktop\portfolio\reference\headers\Collider.h(69): warning C4251: 'Engine::CCollider::m_vPoint': struct 'D3DXVECTOR3'에서는 class 'Engine::CCollider'의 클라이언트에서 DLL 인터페이스를 사용하도록 지정해야 합니다.
  c:\program files (x86)\microsoft directx sdk (june 2010)\include\d3dx9math.h(162): note: 'D3DXVECTOR3' 선언을 참조하십시오.
c:\users\zooz2\desktop\portfolio\reference\headers\Cell.h(42): warning C4251: 'Engine::CCell::m_vPoint': struct 'D3DXVECTOR3'에서는 class 'Engine::CCell'의 클라이언트에서 DLL 인터페이스를 사용하도록 지정해야 합니다.
  c:\program files (x86)\microsoft directx sdk (june 2010)\include\d3dx9math.h(162): note: 'D3DXVECTOR3' 선언을 참조하십시오.
c:\users\zooz2\desktop\portfolio\reference\headers\Cell.h(43): warning C4251: 'Engine::CCell::m_vDir': struct 'D3DXVECTOR3'에서는 class 'Engine::CCell'의 클라이언트에서 DLL 인터페이스를 사용하도록 지정해야 합니다.
  c:\program files (x86)\microsoft directx sdk (june 2010)\include\d3dx9math.h(162): note: 'D3DXVECTOR3' 선언을 참조하십시오.
c:\users\zooz2\desktop\portfolio\reference\headers\Cell.h(44): warning C4251: 'Engine::CCell::m_vNormal': struct 'D3DXVECTOR3'에서는 class 'Engine::CCell'의 클라이언트에서 DLL 인터페이스를 사용하도록 지정해야 합니다.
  c:\program files (x86)\microsoft directx sdk (june 2010)\include\d3dx9math.h(162): note: 'D3DXVECTOR3' 선언을 참조하십시오.
c:\users\zooz2\desktop\portfolio\reference\headers\Cell.h(45): warning C4251: 'Engine::CCell::m_vSurfaceNormal': struct 'D3DXVECTOR3'에서는 class 'Engine::CCell'의 클라이언트에서 DLL 인터페이스를 사용하도록 지정해야 합니다.
  c:\program files (x86)\microsoft directx sdk (june 2010)\include\d3dx9math.h(162): note: 'D3DXVECTOR3' 선언을 참조하십시오.
c:\users\zooz2\desktop\portfolio\reference\headers\Navigation.h(31): warning C4251: 'Engine::CNavigation::m_Cells': class 'std::vector<Engine::CCell *,std::allocator<_Ty>>'에서는 class 'Engine::CNavigation'의 클라이언트에서 DLL 인터페이스를 사용하도록 지정해야 합니다.
          with
          [
              _Ty=Engine::CCell *
          ]
  c:\users\zooz2\desktop\portfolio\reference\headers\Navigation.h(31): note: 'std::vector<Engine::CCell *,std::allocator<_Ty>>' 선언을 참조하십시오.
          with
          [
              _Ty=Engine::CCell *
          ]
c:\users\zooz2\desktop\portfolio\reference\headers\Mesh_Dynamic.h(37): warning C4251: 'Engine::CMesh_Dynamic::m_LocalMatrix': struct 'D3DXMATRIX'에서는 class 'Engine::CMesh_Dynamic'의 클라이언트에서 DLL 인터페이스를 사용하도록 지정해야 합니다.
  c:\program files (x86)\microsoft directx sdk (june 2010)\include\d3dx9math.h(312): note: 'D3DXMATRIX' 선언을 참조하십시오.
c:\users\zooz2\desktop\portfolio\reference\headers\Mesh_Dynamic.h(39): warning C4251: 'Engine::CMesh_Dynamic::m_MeshContainers': class 'std::vector<Engine::D3DXMESHCONTAINER_DERIVED *,std::allocator<_Ty>>'에서는 class 'Engine::CMesh_Dynamic'의 클라이언트에서 DLL 인터페이스를 사용하도록 지정해야 합니다.
          with
          [
              _Ty=Engine::D3DXMESHCONTAINER_DERIVED *
          ]
  c:\users\zooz2\desktop\portfolio\reference\headers\Mesh_Dynamic.h(39): note: 'std::vector<Engine::D3DXMESHCONTAINER_DERIVED *,std::allocator<_Ty>>' 선언을 참조하십시오.
          with
          [
              _Ty=Engine::D3DXMESHCONTAINER_DERIVED *
          ]
C:\Users\zooz2\Desktop\Portfolio\Reference\Headers\Particle.h(36): warning C4251: 'Engine::CParticle::m_vOrigin': struct 'D3DXVECTOR3'에서는 class 'Engine::CParticle'의 클라이언트에서 DLL 인터페이스를 사용하도록 지정해야 합니다.
  c:\program files (x86)\microsoft directx sdk (june 2010)\include\d3dx9math.h(162): note: 'D3DXVECTOR3' 선언을 참조하십시오.
  Door_Trigger.cpp
C:\Users\zooz2\Desktop\Portfolio\Reference\Headers\GameObject.h(45): warning C4251: 'Engine::CGameObject::m_mapComponents': class 'std::unordered_map<const Engine::_tchar *,Engine::CComponent *,std::hash<_Kty>,std::equal_to<_Kty>,std::allocator<std::pair<const _Kty,_Ty>>>'에서는 class 'Engine::CGameObject'의 클라이언트에서 DLL 인터페이스를 사용하도록 지정해야 합니다.
          with
          [
              _Kty=const Engine::_tchar *,
              _Ty=Engine::CComponent *
          ]
  C:\Users\zooz2\Desktop\Portfolio\Reference\Headers\GameObject.h(45): note: 'std::unordered_map<const Engine::_tchar *,Engine::CComponent *,std::hash<_Kty>,std::equal_to<_Kty>,std::allocator<std::pair<const _Kty,_Ty>>>' 선언을 참조하십시오.
          with
          [
              _Kty=const Engine::_tchar *,
              _Ty=Engine::CComponent *
          ]
c:\users\zooz2\desktop\portfolio\reference\headers\Transform.h(60): warning C4251: 'Engine::CTransform::m_WorldMatrix': struct 'D3DXMATRIX'에서는 class 'Engine::CTransform'의 클라이언트에서 DLL 인터페이스를 사용하도록 지정해야 합니다.
  c:\program files (x86)\microsoft directx sdk (june 2010)\include\d3dx9math.h(312): note: 'D3DXMATRIX' 선언을 참조하십시오.
c:\users\zooz2\desktop\portfolio\reference\headers\Camera.h(36): warning C4251: 'Engine::CCamera::m_ViewMatrix': struct 'D3DXMATRIX'에서는 class 'Engine::CCamera'의 클라이언트에서 DLL 인터페이스를 사용하도록 지정해야 합니다.
  c:\program files (x86)\microsoft directx sdk (june 2010)\include\d3dx9math.h(312): note: 'D3DXMATRIX' 선언을 참조하십시오.
c:\users\zooz2\desktop\portfolio\reference\headers\Camera.h(37): warning C4251: 'Engine::CCamera::m_ProjMatrix': struct 'D3DXMATRIX'에서는 class 'Engine::CCamera'의 클라이언트에서 DLL 인터페이스를 사용하도록 지정해야 합니다.
  c:\program files (x86)\microsoft directx sdk (june 2010)\include\d3dx9math.h(312): note: 'D3DXMATRIX' 선언을 참조하십시오.
c:\users\zooz2\desktop\portfolio\reference\headers\Frustum.h(21): warning C4251: 'Engine::CFrustum::m_vProjPoint': struct 'D3DXVECTOR3'에서는 class 'Engine::CFrustum'의 클라이언트에서 DLL 인터페이스를 사용하도록 지정해야 합니다.
  c:\program files (x86)\microsoft directx sdk (june 2010)\include\d3dx9math.h(162): note: 'D3DXVECTOR3' 선언을 참조하십시오.
c:\users\zooz2\desktop\portfolio\reference\headers\Frustum.h(23): warning C4251: 'Engine::CFrustum::m_Plane': struct 'D3DXPLANE'에서는 class 'Engine::CFrustum'의 클라이언트에서 DLL 인터페이스를 사용하도록 지정해야 합니다.
  c:\program files (x86)\microsoft directx sdk (june 2010)\include\d3dx9math.h(472): note: 'D3DXPLANE' 선언을 참조하십시오.
c:\users\zooz2\desktop\portfolio\reference\headers\Texture.h(24): warning C4251: 'Engine::CTexture::m_Textures': class 'std::vector<IDirect3DBaseTexture9 *,std::allocator<_Ty>>'에서는 class 'Engine::CTexture'의 클라이언트에서 DLL 인터페이스를 사용하도록 지정해야 합니다.
          with
          [
              _Ty=IDirect3DBaseTexture9 *
          ]
  c:\users\zooz2\desktop\portfolio\reference\headers\Texture.h(24): note: 'std::vector<IDirect3DBaseTexture9 *,std::allocator<_Ty>>' 선언을 참조하십시오.
          with
          [
              _Ty=IDirect3DBaseTexture9 *
          ]
c:\users\zooz2\desktop\portfolio\reference\headers\Renderer.h(29): warning C4251: 'Engine::CRenderer::m_RenderList': class 'std::list<Engine::CGameObject *,std::allocator<_Ty>>'에서는 class 'Engine::CRenderer'의 클라이언트에서 DLL 인터페이스를 사용하도록 지정해야 합니다.
          with
          [
              _Ty=Engine::CGameObject *
          ]
  c:\users\zooz2\desktop\portfolio\client\codes\..\Headers\Door_Trigger.h(23): note: 'std::list<Engine::CGameObject *,std::allocator<_Ty>>' 선언을 참조하십시오.
          with
          [
              _Ty=Engine::CGameObject *
          ]
c:\users\zooz2\desktop\portfolio\reference\headers\Collider.h(66): warning C4251: 'Engine::CCollider::m_vMin': struct 'D3DXVECTOR3'에서는 class 'Engine::CCollider'의 클라이언트에서 DLL 인터페이스를 사용하도록 지정해야 합니다.
  c:\program files (x86)\microsoft directx sdk (june 2010)\include\d3dx9math.h(162): note: 'D3DXVECTOR3' 선언을 참조하십시오.
c:\users\zooz2\desktop\portfolio\reference\headers\Collider.h(66): warning C4251: 'Engine::CCollider::m_vMax': struct 'D3DXVECTOR3'에서는 class 'Engine::CCollider'의 클라이언트에서 DLL 인터페이스를 사용하도록 지정해야 합니다.
  c:\program files (x86)\microsoft directx sdk (june 2010)\include\d3dx9math.h(162): note: 'D3DXVECTOR3' 선언을 참조하십시오.
c:\users\zooz2\desktop\portfolio\reference\headers\Collider.h(69): warning C4251: 'Engine::CCollider::m_vPoint': struct 'D3DXVECTOR3'에서는 class 'Engine::CCollider'의 클라이언트에서 DLL 인터페이스를 사용하도록 지정해야 합니다.
  c:\program files (x86)\microsoft directx sdk (june 2010)\include\d3dx9math.h(162): note: 'D3DXVECTOR3' 선언을 참조하십시오.
c:\users\zooz2\desktop\portfolio\reference\headers\Cell.h(42): warning C4251: 'Engine::CCell::m_vPoint': struct 'D3DXVECTOR3'에서는 class 'Engine::CCell'의 클라이언트에서 DLL 인터페이스를 사용하도록 지정해야 합니다.
  c:\program files (x86)\microsoft directx sdk (june 2010)\include\d3dx9math.h(162): note: 'D3DXVECTOR3' 선언을 참조하십시오.
c:\users\zooz2\desktop\portfolio\reference\headers\Cell.h(43): warning C4251: 'Engine::CCell::m_vDir': struct 'D3DXVECTOR3'에서는 class 'Engine::CCell'의 클라이언트에서 DLL 인터페이스를 사용하도록 지정해야 합니다.
  c:\program files (x86)\microsoft directx sdk (june 2010)\include\d3dx9math.h(162): note: 'D3DXVECTOR3' 선언을 참조하십시오.
c:\users\zooz2\desktop\portfolio\reference\headers\Cell.h(44): warning C4251: 'Engine::CCell::m_vNormal': struct 'D3DXVECTOR3'에서는 class 'Engine::CCell'의 클라이언트에서 DLL 인터페이스를 사용하도록 지정해야 합니다.
  c:\program files (x86)\microsoft directx sdk (june 2010)\include\d3dx9math.h(162): note: 'D3DXVECTOR3' 선언을 참조하십시오.
c:\users\zooz2\desktop\portfolio\reference\headers\Cell.h(45): warning C4251: 'Engine::CCell::m_vSurfaceNormal': struct 'D3DXVECTOR3'에서는 class 'Engine::CCell'의 클라이언트에서 DLL 인터페이스를 사용하도록 지정해야 합니다.
  c:\program files (x86)\microsoft directx sdk (june 2010)\include\d3dx9math.h(162): note: 'D3DXVECTOR3' 선언을 참조하십시오.
c:\users\zooz2\desktop\portfolio\reference\headers\Navigation.h(31): warning C4251: 'Engine::CNavigation::m_Cells': class 'std::vector<Engine::CCell *,std::allocator<_Ty>>'에서는 class 'Engine::CNavigation'의 클라이언트에서 DLL 인터페이스를 사용하도록 지정해야 합니다.
          with
          [
              _Ty=Engine::CCell *
          ]
  c:\users\zooz2\desktop\portfolio\reference\headers\Navigation.h(31): note: 'std::vector<Engine::CCell *,std::allocator<_Ty>>' 선언을 참조하십시오.
          with
          [
              _Ty=Engine::CCell *
          ]
c:\users\zooz2\desktop\portfolio\reference\headers\Mesh_Dynamic.h(37): warning C4251: 'Engine::CMesh_Dynamic::m_LocalMatrix': struct 'D3DXMATRIX'에서는 class 'Engine::CMesh_Dynamic'의 클라이언트에서 DLL 인터페이스를 사용하도록 지정해야 합니다.
  c:\program files (x86)\microsoft directx sdk (june 2010)\include\d3dx9math.h(312): note: 'D3DXMATRIX' 선언을 참조하십시오.
c:\users\zooz2\desktop\portfolio\reference\headers\Mesh_Dynamic.h(39): warning C4251: 'Engine::CMesh_Dynamic::m_MeshContainers': class 'std::vector<Engine::D3DXMESHCONTAINER_DERIVED *,std::allocator<_Ty>>'에서는 class 'Engine::CMesh_Dynamic'의 클라이언트에서 DLL 인터페이스를 사용하도록 지정해야 합니다.
          with
          [
              _Ty=Engine::D3DXMESHCONTAINER_DERIVED *
          ]
  c:\users\zooz2\desktop\portfolio\reference\headers\Mesh_Dynamic.h(39): note: 'std::vector<Engine::D3DXMESHCONTAINER_DERIVED *,std::allocator<_Ty>>' 선언을 참조하십시오.
          with
          [
              _Ty=Engine::D3DXMESHCONTAINER_DERIVED *
          ]
  IOManager.cpp
C:\Users\zooz2\Desktop\Portfolio\Reference\Headers\GameObject.h(45): warning C4251: 'Engine::CGameObject::m_mapComponents': class 'std::unordered_map<const Engine::_tchar *,Engine::CComponent *,std::hash<_Kty>,std::equal_to<_Kty>,std::allocator<std::pair<const _Kty,_Ty>>>'에서는 class 'Engine::CGameObject'의 클라이언트에서 DLL 인터페이스를 사용하도록 지정해야 합니다.
          with
          [
              _Kty=const Engine::_tchar *,
              _Ty=Engine::CComponent *
          ]
  C:\Users\zooz2\Desktop\Portfolio\Reference\Headers\GameObject.h(45): note: 'std::unordered_map<const Engine::_tchar *,Engine::CComponent *,std::hash<_Kty>,std::equal_to<_Kty>,std::allocator<std::pair<const _Kty,_Ty>>>' 선언을 참조하십시오.
          with
          [
              _Kty=const Engine::_tchar *,
              _Ty=Engine::CComponent *
          ]
  Loading.cpp
C:\Users\zooz2\Desktop\Portfolio\Reference\Headers\GameObject.h(45): warning C4251: 'Engine::CGameObject::m_mapComponents': class 'std::unordered_map<const Engine::_tchar *,Engine::CComponent *,std::hash<_Kty>,std::equal_to<_Kty>,std::allocator<std::pair<const _Kty,_Ty>>>'에서는 class 'Engine::CGameObject'의 클라이언트에서 DLL 인터페이스를 사용하도록 지정해야 합니다.
          with
          [
              _Kty=const Engine::_tchar *,
              _Ty=Engine::CComponent *
          ]
  C:\Users\zooz2\Desktop\Portfolio\Reference\Headers\GameObject.h(45): note: 'std::unordered_map<const Engine::_tchar *,Engine::CComponent *,std::hash<_Kty>,std::equal_to<_Kty>,std::allocator<std::pair<const _Kty,_Ty>>>' 선언을 참조하십시오.
          with
          [
              _Kty=const Engine::_tchar *,
              _Ty=Engine::CComponent *
          ]
c:\users\zooz2\desktop\portfolio\reference\headers\Transform.h(60): warning C4251: 'Engine::CTransform::m_WorldMatrix': struct 'D3DXMATRIX'에서는 class 'Engine::CTransform'의 클라이언트에서 DLL 인터페이스를 사용하도록 지정해야 합니다.
  c:\program files (x86)\microsoft directx sdk (june 2010)\include\d3dx9math.h(312): note: 'D3DXMATRIX' 선언을 참조하십시오.
c:\users\zooz2\desktop\portfolio\reference\headers\Camera.h(36): warning C4251: 'Engine::CCamera::m_ViewMatrix': struct 'D3DXMATRIX'에서는 class 'Engine::CCamera'의 클라이언트에서 DLL 인터페이스를 사용하도록 지정해야 합니다.
  c:\program files (x86)\microsoft directx sdk (june 2010)\include\d3dx9math.h(312): note: 'D3DXMATRIX' 선언을 참조하십시오.
c:\users\zooz2\desktop\portfolio\reference\headers\Camera.h(37): warning C4251: 'Engine::CCamera::m_ProjMatrix': struct 'D3DXMATRIX'에서는 class 'Engine::CCamera'의 클라이언트에서 DLL 인터페이스를 사용하도록 지정해야 합니다.
  c:\program files (x86)\microsoft directx sdk (june 2010)\include\d3dx9math.h(312): note: 'D3DXMATRIX' 선언을 참조하십시오.
c:\users\zooz2\desktop\portfolio\reference\headers\Frustum.h(21): warning C4251: 'Engine::CFrustum::m_vProjPoint': struct 'D3DXVECTOR3'에서는 class 'Engine::CFrustum'의 클라이언트에서 DLL 인터페이스를 사용하도록 지정해야 합니다.
  c:\program files (x86)\microsoft directx sdk (june 2010)\include\d3dx9math.h(162): note: 'D3DXVECTOR3' 선언을 참조하십시오.
c:\users\zooz2\desktop\portfolio\reference\headers\Frustum.h(23): warning C4251: 'Engine::CFrustum::m_Plane': struct 'D3DXPLANE'에서는 class 'Engine::CFrustum'의 클라이언트에서 DLL 인터페이스를 사용하도록 지정해야 합니다.
  c:\program files (x86)\microsoft directx sdk (june 2010)\include\d3dx9math.h(472): note: 'D3DXPLANE' 선언을 참조하십시오.
c:\users\zooz2\desktop\portfolio\reference\headers\Texture.h(24): warning C4251: 'Engine::CTexture::m_Textures': class 'std::vector<IDirect3DBaseTexture9 *,std::allocator<_Ty>>'에서는 class 'Engine::CTexture'의 클라이언트에서 DLL 인터페이스를 사용하도록 지정해야 합니다.
          with
          [
              _Ty=IDirect3DBaseTexture9 *
          ]
  c:\users\zooz2\desktop\portfolio\reference\headers\Texture.h(24): note: 'std::vector<IDirect3DBaseTexture9 *,std::allocator<_Ty>>' 선언을 참조하십시오.
          with
          [
              _Ty=IDirect3DBaseTexture9 *
          ]
c:\users\zooz2\desktop\portfolio\reference\headers\Renderer.h(29): warning C4251: 'Engine::CRenderer::m_RenderList': class 'std::list<Engine::CGameObject *,std::allocator<_Ty>>'에서는 class 'Engine::CRenderer'의 클라이언트에서 DLL 인터페이스를 사용하도록 지정해야 합니다.
          with
          [
              _Ty=Engine::CGameObject *
          ]
  c:\users\zooz2\desktop\portfolio\reference\headers\Layer.h(24): note: 'std::list<Engine::CGameObject *,std::allocator<_Ty>>' 선언을 참조하십시오.
          with
          [
              _Ty=Engine::CGameObject *
          ]
c:\users\zooz2\desktop\portfolio\reference\headers\Collider.h(66): warning C4251: 'Engine::CCollider::m_vMin': struct 'D3DXVECTOR3'에서는 class 'Engine::CCollider'의 클라이언트에서 DLL 인터페이스를 사용하도록 지정해야 합니다.
  c:\program files (x86)\microsoft directx sdk (june 2010)\include\d3dx9math.h(162): note: 'D3DXVECTOR3' 선언을 참조하십시오.
c:\users\zooz2\desktop\portfolio\reference\headers\Collider.h(66): warning C4251: 'Engine::CCollider::m_vMax': struct 'D3DXVECTOR3'에서는 class 'Engine::CCollider'의 클라이언트에서 DLL 인터페이스를 사용하도록 지정해야 합니다.
  c:\program files (x86)\microsoft directx sdk (june 2010)\include\d3dx9math.h(162): note: 'D3DXVECTOR3' 선언을 참조하십시오.
c:\users\zooz2\desktop\portfolio\reference\headers\Collider.h(69): warning C4251: 'Engine::CCollider::m_vPoint': struct 'D3DXVECTOR3'에서는 class 'Engine::CCollider'의 클라이언트에서 DLL 인터페이스를 사용하도록 지정해야 합니다.
  c:\program files (x86)\microsoft directx sdk (june 2010)\include\d3dx9math.h(162): note: 'D3DXVECTOR3' 선언을 참조하십시오.
c:\users\zooz2\desktop\portfolio\reference\headers\Cell.h(42): warning C4251: 'Engine::CCell::m_vPoint': struct 'D3DXVECTOR3'에서는 class 'Engine::CCell'의 클라이언트에서 DLL 인터페이스를 사용하도록 지정해야 합니다.
  c:\program files (x86)\microsoft directx sdk (june 2010)\include\d3dx9math.h(162): note: 'D3DXVECTOR3' 선언을 참조하십시오.
c:\users\zooz2\desktop\portfolio\reference\headers\Cell.h(43): warning C4251: 'Engine::CCell::m_vDir': struct 'D3DXVECTOR3'에서는 class 'Engine::CCell'의 클라이언트에서 DLL 인터페이스를 사용하도록 지정해야 합니다.
  c:\program files (x86)\microsoft directx sdk (june 2010)\include\d3dx9math.h(162): note: 'D3DXVECTOR3' 선언을 참조하십시오.
c:\users\zooz2\desktop\portfolio\reference\headers\Cell.h(44): warning C4251: 'Engine::CCell::m_vNormal': struct 'D3DXVECTOR3'에서는 class 'Engine::CCell'의 클라이언트에서 DLL 인터페이스를 사용하도록 지정해야 합니다.
  c:\program files (x86)\microsoft directx sdk (june 2010)\include\d3dx9math.h(162): note: 'D3DXVECTOR3' 선언을 참조하십시오.
c:\users\zooz2\desktop\portfolio\reference\headers\Cell.h(45): warning C4251: 'Engine::CCell::m_vSurfaceNormal': struct 'D3DXVECTOR3'에서는 class 'Engine::CCell'의 클라이언트에서 DLL 인터페이스를 사용하도록 지정해야 합니다.
  c:\program files (x86)\microsoft directx sdk (june 2010)\include\d3dx9math.h(162): note: 'D3DXVECTOR3' 선언을 참조하십시오.
c:\users\zooz2\desktop\portfolio\reference\headers\Navigation.h(31): warning C4251: 'Engine::CNavigation::m_Cells': class 'std::vector<Engine::CCell *,std::allocator<_Ty>>'에서는 class 'Engine::CNavigation'의 클라이언트에서 DLL 인터페이스를 사용하도록 지정해야 합니다.
          with
          [
              _Ty=Engine::CCell *
          ]
  c:\users\zooz2\desktop\portfolio\reference\headers\Navigation.h(31): note: 'std::vector<Engine::CCell *,std::allocator<_Ty>>' 선언을 참조하십시오.
          with
          [
              _Ty=Engine::CCell *
          ]
c:\users\zooz2\desktop\portfolio\reference\headers\Mesh_Dynamic.h(37): warning C4251: 'Engine::CMesh_Dynamic::m_LocalMatrix': struct 'D3DXMATRIX'에서는 class 'Engine::CMesh_Dynamic'의 클라이언트에서 DLL 인터페이스를 사용하도록 지정해야 합니다.
  c:\program files (x86)\microsoft directx sdk (june 2010)\include\d3dx9math.h(312): note: 'D3DXMATRIX' 선언을 참조하십시오.
c:\users\zooz2\desktop\portfolio\reference\headers\Mesh_Dynamic.h(39): warning C4251: 'Engine::CMesh_Dynamic::m_MeshContainers': class 'std::vector<Engine::D3DXMESHCONTAINER_DERIVED *,std::allocator<_Ty>>'에서는 class 'Engine::CMesh_Dynamic'의 클라이언트에서 DLL 인터페이스를 사용하도록 지정해야 합니다.
          with
          [
              _Ty=Engine::D3DXMESHCONTAINER_DERIVED *
          ]
  c:\users\zooz2\desktop\portfolio\reference\headers\Mesh_Dynamic.h(39): note: 'std::vector<Engine::D3DXMESHCONTAINER_DERIVED *,std::allocator<_Ty>>' 선언을 참조하십시오.
          with
          [
              _Ty=Engine::D3DXMESHCONTAINER_DERIVED *
          ]
..\Codes\Loading.cpp(679): warning C4244: '인수': 'float'에서 'DWORD'(으)로 변환하면서 데이터가 손실될 수 있습니다.
  MainApp.cpp
c:\users\zooz2\desktop\portfolio\reference\headers\GameObject.h(45): warning C4251: 'Engine::CGameObject::m_mapComponents': class 'std::unordered_map<const Engine::_tchar *,Engine::CComponent *,std::hash<_Kty>,std::equal_to<_Kty>,std::allocator<std::pair<const _Kty,_Ty>>>'에서는 class 'Engine::CGameObject'의 클라이언트에서 DLL 인터페이스를 사용하도록 지정해야 합니다.
          with
          [
              _Kty=const Engine::_tchar *,
              _Ty=Engine::CComponent *
          ]
  c:\users\zooz2\desktop\portfolio\reference\headers\GameObject.h(45): note: 'std::unordered_map<const Engine::_tchar *,Engine::CComponent *,std::hash<_Kty>,std::equal_to<_Kty>,std::allocator<std::pair<const _Kty,_Ty>>>' 선언을 참조하십시오.
          with
          [
              _Kty=const Engine::_tchar *,
              _Ty=Engine::CComponent *
          ]
c:\users\zooz2\desktop\portfolio\reference\headers\Transform.h(60): warning C4251: 'Engine::CTransform::m_WorldMatrix': struct 'D3DXMATRIX'에서는 class 'Engine::CTransform'의 클라이언트에서 DLL 인터페이스를 사용하도록 지정해야 합니다.
  c:\program files (x86)\microsoft directx sdk (june 2010)\include\d3dx9math.h(312): note: 'D3DXMATRIX' 선언을 참조하십시오.
c:\users\zooz2\desktop\portfolio\reference\headers\Camera.h(36): warning C4251: 'Engine::CCamera::m_ViewMatrix': struct 'D3DXMATRIX'에서는 class 'Engine::CCamera'의 클라이언트에서 DLL 인터페이스를 사용하도록 지정해야 합니다.
  c:\program files (x86)\microsoft directx sdk (june 2010)\include\d3dx9math.h(312): note: 'D3DXMATRIX' 선언을 참조하십시오.
c:\users\zooz2\desktop\portfolio\reference\headers\Camera.h(37): warning C4251: 'Engine::CCamera::m_ProjMatrix': struct 'D3DXMATRIX'에서는 class 'Engine::CCamera'의 클라이언트에서 DLL 인터페이스를 사용하도록 지정해야 합니다.
  c:\program files (x86)\microsoft directx sdk (june 2010)\include\d3dx9math.h(312): note: 'D3DXMATRIX' 선언을 참조하십시오.
c:\users\zooz2\desktop\portfolio\reference\headers\Frustum.h(21): warning C4251: 'Engine::CFrustum::m_vProjPoint': struct 'D3DXVECTOR3'에서는 class 'Engine::CFrustum'의 클라이언트에서 DLL 인터페이스를 사용하도록 지정해야 합니다.
  c:\program files (x86)\microsoft directx sdk (june 2010)\include\d3dx9math.h(162): note: 'D3DXVECTOR3' 선언을 참조하십시오.
c:\users\zooz2\desktop\portfolio\reference\headers\Frustum.h(23): warning C4251: 'Engine::CFrustum::m_Plane': struct 'D3DXPLANE'에서는 class 'Engine::CFrustum'의 클라이언트에서 DLL 인터페이스를 사용하도록 지정해야 합니다.
  c:\program files (x86)\microsoft directx sdk (june 2010)\include\d3dx9math.h(472): note: 'D3DXPLANE' 선언을 참조하십시오.
c:\users\zooz2\desktop\portfolio\reference\headers\Texture.h(24): warning C4251: 'Engine::CTexture::m_Textures': class 'std::vector<IDirect3DBaseTexture9 *,std::allocator<_Ty>>'에서는 class 'Engine::CTexture'의 클라이언트에서 DLL 인터페이스를 사용하도록 지정해야 합니다.
          with
          [
              _Ty=IDirect3DBaseTexture9 *
          ]
  c:\users\zooz2\desktop\portfolio\reference\headers\Texture.h(24): note: 'std::vector<IDirect3DBaseTexture9 *,std::allocator<_Ty>>' 선언을 참조하십시오.
          with
          [
              _Ty=IDirect3DBaseTexture9 *
          ]
c:\users\zooz2\desktop\portfolio\reference\headers\Renderer.h(29): warning C4251: 'Engine::CRenderer::m_RenderList': class 'std::list<Engine::CGameObject *,std::allocator<_Ty>>'에서는 class 'Engine::CRenderer'의 클라이언트에서 DLL 인터페이스를 사용하도록 지정해야 합니다.
          with
          [
              _Ty=Engine::CGameObject *
          ]
  c:\users\zooz2\desktop\portfolio\reference\headers\Layer.h(24): note: 'std::list<Engine::CGameObject *,std::allocator<_Ty>>' 선언을 참조하십시오.
          with
          [
              _Ty=Engine::CGameObject *
          ]
c:\users\zooz2\desktop\portfolio\reference\headers\Collider.h(66): warning C4251: 'Engine::CCollider::m_vMin': struct 'D3DXVECTOR3'에서는 class 'Engine::CCollider'의 클라이언트에서 DLL 인터페이스를 사용하도록 지정해야 합니다.
  c:\program files (x86)\microsoft directx sdk (june 2010)\include\d3dx9math.h(162): note: 'D3DXVECTOR3' 선언을 참조하십시오.
c:\users\zooz2\desktop\portfolio\reference\headers\Collider.h(66): warning C4251: 'Engine::CCollider::m_vMax': struct 'D3DXVECTOR3'에서는 class 'Engine::CCollider'의 클라이언트에서 DLL 인터페이스를 사용하도록 지정해야 합니다.
  c:\program files (x86)\microsoft directx sdk (june 2010)\include\d3dx9math.h(162): note: 'D3DXVECTOR3' 선언을 참조하십시오.
c:\users\zooz2\desktop\portfolio\reference\headers\Collider.h(69): warning C4251: 'Engine::CCollider::m_vPoint': struct 'D3DXVECTOR3'에서는 class 'Engine::CCollider'의 클라이언트에서 DLL 인터페이스를 사용하도록 지정해야 합니다.
  c:\program files (x86)\microsoft directx sdk (june 2010)\include\d3dx9math.h(162): note: 'D3DXVECTOR3' 선언을 참조하십시오.
c:\users\zooz2\desktop\portfolio\reference\headers\Cell.h(42): warning C4251: 'Engine::CCell::m_vPoint': struct 'D3DXVECTOR3'에서는 class 'Engine::CCell'의 클라이언트에서 DLL 인터페이스를 사용하도록 지정해야 합니다.
  c:\program files (x86)\microsoft directx sdk (june 2010)\include\d3dx9math.h(162): note: 'D3DXVECTOR3' 선언을 참조하십시오.
c:\users\zooz2\desktop\portfolio\reference\headers\Cell.h(43): warning C4251: 'Engine::CCell::m_vDir': struct 'D3DXVECTOR3'에서는 class 'Engine::CCell'의 클라이언트에서 DLL 인터페이스를 사용하도록 지정해야 합니다.
  c:\program files (x86)\microsoft directx sdk (june 2010)\include\d3dx9math.h(162): note: 'D3DXVECTOR3' 선언을 참조하십시오.
c:\users\zooz2\desktop\portfolio\reference\headers\Cell.h(44): warning C4251: 'Engine::CCell::m_vNormal': struct 'D3DXVECTOR3'에서는 class 'Engine::CCell'의 클라이언트에서 DLL 인터페이스를 사용하도록 지정해야 합니다.
  c:\program files (x86)\microsoft directx sdk (june 2010)\include\d3dx9math.h(162): note: 'D3DXVECTOR3' 선언을 참조하십시오.
c:\users\zooz2\desktop\portfolio\reference\headers\Cell.h(45): warning C4251: 'Engine::CCell::m_vSurfaceNormal': struct 'D3DXVECTOR3'에서는 class 'Engine::CCell'의 클라이언트에서 DLL 인터페이스를 사용하도록 지정해야 합니다.
  c:\program files (x86)\microsoft directx sdk (june 2010)\include\d3dx9math.h(162): note: 'D3DXVECTOR3' 선언을 참조하십시오.
c:\users\zooz2\desktop\portfolio\reference\headers\Navigation.h(31): warning C4251: 'Engine::CNavigation::m_Cells': class 'std::vector<Engine::CCell *,std::allocator<_Ty>>'에서는 class 'Engine::CNavigation'의 클라이언트에서 DLL 인터페이스를 사용하도록 지정해야 합니다.
          with
          [
              _Ty=Engine::CCell *
          ]
  c:\users\zooz2\desktop\portfolio\reference\headers\Navigation.h(31): note: 'std::vector<Engine::CCell *,std::allocator<_Ty>>' 선언을 참조하십시오.
          with
          [
              _Ty=Engine::CCell *
          ]
c:\users\zooz2\desktop\portfolio\reference\headers\Mesh_Dynamic.h(37): warning C4251: 'Engine::CMesh_Dynamic::m_LocalMatrix': struct 'D3DXMATRIX'에서는 class 'Engine::CMesh_Dynamic'의 클라이언트에서 DLL 인터페이스를 사용하도록 지정해야 합니다.
  c:\program files (x86)\microsoft directx sdk (june 2010)\include\d3dx9math.h(312): note: 'D3DXMATRIX' 선언을 참조하십시오.
c:\users\zooz2\desktop\portfolio\reference\headers\Mesh_Dynamic.h(39): warning C4251: 'Engine::CMesh_Dynamic::m_MeshContainers': class 'std::vector<Engine::D3DXMESHCONTAINER_DERIVED *,std::allocator<_Ty>>'에서는 class 'Engine::CMesh_Dynamic'의 클라이언트에서 DLL 인터페이스를 사용하도록 지정해야 합니다.
          with
          [
              _Ty=Engine::D3DXMESHCONTAINER_DERIVED *
          ]
  c:\users\zooz2\desktop\portfolio\reference\headers\Mesh_Dynamic.h(39): note: 'std::vector<Engine::D3DXMESHCONTAINER_DERIVED *,std::allocator<_Ty>>' 선언을 참조하십시오.
          with
          [
              _Ty=Engine::D3DXMESHCONTAINER_DERIVED *
          ]
  Particle_Crystal.cpp
c:\users\zooz2\desktop\portfolio\reference\headers\GameObject.h(45): warning C4251: 'Engine::CGameObject::m_mapComponents': class 'std::unordered_map<const Engine::_tchar *,Engine::CComponent *,std::hash<_Kty>,std::equal_to<_Kty>,std::allocator<std::pair<const _Kty,_Ty>>>'에서는 class 'Engine::CGameObject'의 클라이언트에서 DLL 인터페이스를 사용하도록 지정해야 합니다.
          with
          [
              _Kty=const Engine::_tchar *,
              _Ty=Engine::CComponent *
          ]
  c:\users\zooz2\desktop\portfolio\reference\headers\GameObject.h(45): note: 'std::unordered_map<const Engine::_tchar *,Engine::CComponent *,std::hash<_Kty>,std::equal_to<_Kty>,std::allocator<std::pair<const _Kty,_Ty>>>' 선언을 참조하십시오.
          with
          [
              _Kty=const Engine::_tchar *,
              _Ty=Engine::CComponent *
          ]
C:\Users\zooz2\Desktop\Portfolio\Reference\Headers\Particle.h(36): warning C4251: 'Engine::CParticle::m_vOrigin': struct 'D3DXVECTOR3'에서는 class 'Engine::CParticle'의 클라이언트에서 DLL 인터페이스를 사용하도록 지정해야 합니다.
  c:\program files (x86)\microsoft directx sdk (june 2010)\include\d3dx9math.h(162): note: 'D3DXVECTOR3' 선언을 참조하십시오.
C:\Users\zooz2\Desktop\Portfolio\Reference\Headers\Texture.h(24): warning C4251: 'Engine::CTexture::m_Textures': class 'std::vector<IDirect3DBaseTexture9 *,std::allocator<_Ty>>'에서는 class 'Engine::CTexture'의 클라이언트에서 DLL 인터페이스를 사용하도록 지정해야 합니다.
          with
          [
              _Ty=IDirect3DBaseTexture9 *
          ]
  C:\Users\zooz2\Desktop\Portfolio\Reference\Headers\Texture.h(24): note: 'std::vector<IDirect3DBaseTexture9 *,std::allocator<_Ty>>' 선언을 참조하십시오.
          with
          [
              _Ty=IDirect3DBaseTexture9 *
          ]
C:\Users\zooz2\Desktop\Portfolio\Reference\Headers\Renderer.h(29): warning C4251: 'Engine::CRenderer::m_RenderList': class 'std::list<Engine::CGameObject *,std::allocator<_Ty>>'에서는 class 'Engine::CRenderer'의 클라이언트에서 DLL 인터페이스를 사용하도록 지정해야 합니다.
          with
          [
              _Ty=Engine::CGameObject *
          ]
  C:\Users\zooz2\Desktop\Portfolio\Reference\Headers\Renderer.h(29): note: 'std::list<Engine::CGameObject *,std::allocator<_Ty>>' 선언을 참조하십시오.
          with
          [
              _Ty=Engine::CGameObject *
          ]
C:\Users\zooz2\Desktop\Portfolio\Reference\Headers\Transform.h(60): warning C4251: 'Engine::CTransform::m_WorldMatrix': struct 'D3DXMATRIX'에서는 class 'Engine::CTransform'의 클라이언트에서 DLL 인터페이스를 사용하도록 지정해야 합니다.
  c:\program files (x86)\microsoft directx sdk (june 2010)\include\d3dx9math.h(312): note: 'D3DXMATRIX' 선언을 참조하십시오.
c:\users\zooz2\desktop\portfolio\reference\headers\Camera.h(36): warning C4251: 'Engine::CCamera::m_ViewMatrix': struct 'D3DXMATRIX'에서는 class 'Engine::CCamera'의 클라이언트에서 DLL 인터페이스를 사용하도록 지정해야 합니다.
  c:\program files (x86)\microsoft directx sdk (june 2010)\include\d3dx9math.h(312): note: 'D3DXMATRIX' 선언을 참조하십시오.
c:\users\zooz2\desktop\portfolio\reference\headers\Camera.h(37): warning C4251: 'Engine::CCamera::m_ProjMatrix': struct 'D3DXMATRIX'에서는 class 'Engine::CCamera'의 클라이언트에서 DLL 인터페이스를 사용하도록 지정해야 합니다.
  c:\program files (x86)\microsoft directx sdk (june 2010)\include\d3dx9math.h(312): note: 'D3DXMATRIX' 선언을 참조하십시오.
c:\users\zooz2\desktop\portfolio\reference\headers\Frustum.h(21): warning C4251: 'Engine::CFrustum::m_vProjPoint': struct 'D3DXVECTOR3'에서는 class 'Engine::CFrustum'의 클라이언트에서 DLL 인터페이스를 사용하도록 지정해야 합니다.
  c:\program files (x86)\microsoft directx sdk (june 2010)\include\d3dx9math.h(162): note: 'D3DXVECTOR3' 선언을 참조하십시오.
c:\users\zooz2\desktop\portfolio\reference\headers\Frustum.h(23): warning C4251: 'Engine::CFrustum::m_Plane': struct 'D3DXPLANE'에서는 class 'Engine::CFrustum'의 클라이언트에서 DLL 인터페이스를 사용하도록 지정해야 합니다.
  c:\program files (x86)\microsoft directx sdk (june 2010)\include\d3dx9math.h(472): note: 'D3DXPLANE' 선언을 참조하십시오.
c:\users\zooz2\desktop\portfolio\reference\headers\Collider.h(66): warning C4251: 'Engine::CCollider::m_vMin': struct 'D3DXVECTOR3'에서는 class 'Engine::CCollider'의 클라이언트에서 DLL 인터페이스를 사용하도록 지정해야 합니다.
  c:\program files (x86)\microsoft directx sdk (june 2010)\include\d3dx9math.h(162): note: 'D3DXVECTOR3' 선언을 참조하십시오.
c:\users\zooz2\desktop\portfolio\reference\headers\Collider.h(66): warning C4251: 'Engine::CCollider::m_vMax': struct 'D3DXVECTOR3'에서는 class 'Engine::CCollider'의 클라이언트에서 DLL 인터페이스를 사용하도록 지정해야 합니다.
  c:\program files (x86)\microsoft directx sdk (june 2010)\include\d3dx9math.h(162): note: 'D3DXVECTOR3' 선언을 참조하십시오.
c:\users\zooz2\desktop\portfolio\reference\headers\Collider.h(69): warning C4251: 'Engine::CCollider::m_vPoint': struct 'D3DXVECTOR3'에서는 class 'Engine::CCollider'의 클라이언트에서 DLL 인터페이스를 사용하도록 지정해야 합니다.
  c:\program files (x86)\microsoft directx sdk (june 2010)\include\d3dx9math.h(162): note: 'D3DXVECTOR3' 선언을 참조하십시오.
c:\users\zooz2\desktop\portfolio\reference\headers\Cell.h(42): warning C4251: 'Engine::CCell::m_vPoint': struct 'D3DXVECTOR3'에서는 class 'Engine::CCell'의 클라이언트에서 DLL 인터페이스를 사용하도록 지정해야 합니다.
  c:\program files (x86)\microsoft directx sdk (june 2010)\include\d3dx9math.h(162): note: 'D3DXVECTOR3' 선언을 참조하십시오.
c:\users\zooz2\desktop\portfolio\reference\headers\Cell.h(43): warning C4251: 'Engine::CCell::m_vDir': struct 'D3DXVECTOR3'에서는 class 'Engine::CCell'의 클라이언트에서 DLL 인터페이스를 사용하도록 지정해야 합니다.
  c:\program files (x86)\microsoft directx sdk (june 2010)\include\d3dx9math.h(162): note: 'D3DXVECTOR3' 선언을 참조하십시오.
c:\users\zooz2\desktop\portfolio\reference\headers\Cell.h(44): warning C4251: 'Engine::CCell::m_vNormal': struct 'D3DXVECTOR3'에서는 class 'Engine::CCell'의 클라이언트에서 DLL 인터페이스를 사용하도록 지정해야 합니다.
  c:\program files (x86)\microsoft directx sdk (june 2010)\include\d3dx9math.h(162): note: 'D3DXVECTOR3' 선언을 참조하십시오.
c:\users\zooz2\desktop\portfolio\reference\headers\Cell.h(45): warning C4251: 'Engine::CCell::m_vSurfaceNormal': struct 'D3DXVECTOR3'에서는 class 'Engine::CCell'의 클라이언트에서 DLL 인터페이스를 사용하도록 지정해야 합니다.
  c:\program files (x86)\microsoft directx sdk (june 2010)\include\d3dx9math.h(162): note: 'D3DXVECTOR3' 선언을 참조하십시오.
c:\users\zooz2\desktop\portfolio\reference\headers\Navigation.h(31): warning C4251: 'Engine::CNavigation::m_Cells': class 'std::vector<Engine::CCell *,std::allocator<_Ty>>'에서는 class 'Engine::CNavigation'의 클라이언트에서 DLL 인터페이스를 사용하도록 지정해야 합니다.
          with
          [
              _Ty=Engine::CCell *
          ]
  c:\users\zooz2\desktop\portfolio\reference\headers\Navigation.h(31): note: 'std::vector<Engine::CCell *,std::allocator<_Ty>>' 선언을 참조하십시오.
          with
          [
              _Ty=Engine::CCell *
          ]
c:\users\zooz2\desktop\portfolio\reference\headers\Mesh_Dynamic.h(37): warning C4251: 'Engine::CMesh_Dynamic::m_LocalMatrix': struct 'D3DXMATRIX'에서는 class 'Engine::CMesh_Dynamic'의 클라이언트에서 DLL 인터페이스를 사용하도록 지정해야 합니다.
  c:\program files (x86)\microsoft directx sdk (june 2010)\include\d3dx9math.h(312): note: 'D3DXMATRIX' 선언을 참조하십시오.
c:\users\zooz2\desktop\portfolio\reference\headers\Mesh_Dynamic.h(39): warning C4251: 'Engine::CMesh_Dynamic::m_MeshContainers': class 'std::vector<Engine::D3DXMESHCONTAINER_DERIVED *,std::allocator<_Ty>>'에서는 class 'Engine::CMesh_Dynamic'의 클라이언트에서 DLL 인터페이스를 사용하도록 지정해야 합니다.
          with
          [
              _Ty=Engine::D3DXMESHCONTAINER_DERIVED *
          ]
  c:\users\zooz2\desktop\portfolio\reference\headers\Mesh_Dynamic.h(39): note: 'std::vector<Engine::D3DXMESHCONTAINER_DERIVED *,std::allocator<_Ty>>' 선언을 참조하십시오.
          with
          [
              _Ty=Engine::D3DXMESHCONTAINER_DERIVED *
          ]
..\Codes\Particle_Crystal.cpp(71): error C3867: 'Client::CParticle_Crystal::Compare_View': 비표준 구문입니다. '&'를 사용하여 멤버 포인터를 만드세요.
..\Codes\Particle_Crystal.cpp(71): error C2672: 'sort': 일치하는 오버로드된 함수가 없습니다.
..\Codes\Particle_Crystal.cpp(71): error C2780: 'void std::sort(_RanIt,_RanIt)': 인수가 2개 있어야 하는데 3개를 사용했습니다.
  C:\Program Files (x86)\Microsoft Visual Studio 14.0\VC\include\algorithm(2789): note: 'std::sort' 선언을 참조하십시오.
..\Codes\Particle_Crystal.cpp(102): warning C4018: '<': signed 또는 unsigned가 일치하지 않습니다.
  Scene_Stage.cpp
C:\Users\zooz2\Desktop\Portfolio\Reference\Headers\GameObject.h(45): warning C4251: 'Engine::CGameObject::m_mapComponents': class 'std::unordered_map<const Engine::_tchar *,Engine::CComponent *,std::hash<_Kty>,std::equal_to<_Kty>,std::allocator<std::pair<const _Kty,_Ty>>>'에서는 class 'Engine::CGameObject'의 클라이언트에서 DLL 인터페이스를 사용하도록 지정해야 합니다.
          with
          [
              _Kty=const Engine::_tchar *,
              _Ty=Engine::CComponent *
          ]
  C:\Users\zooz2\Desktop\Portfolio\Reference\Headers\GameObject.h(45): note: 'std::unordered_map<const Engine::_tchar *,Engine::CComponent *,std::hash<_Kty>,std::equal_to<_Kty>,std::allocator<std::pair<const _Kty,_Ty>>>' 선언을 참조하십시오.
          with
          [
              _Kty=const Engine::_tchar *,
              _Ty=Engine::CComponent *
          ]
C:\Users\zooz2\Desktop\Portfolio\Reference\Headers\Subject.h(19): warning C4251: 'Engine::CSubject::m_ObserverList': class 'std::list<Engine::CObserver *,std::allocator<_Ty>>'에서는 class 'Engine::CSubject'의 클라이언트에서 DLL 인터페이스를 사용하도록 지정해야 합니다.
          with
          [
              _Ty=Engine::CObserver *
          ]
  C:\Users\zooz2\Desktop\Portfolio\Reference\Headers\Subject.h(19): note: 'std::list<Engine::CObserver *,std::allocator<_Ty>>' 선언을 참조하십시오.
          with
          [
              _Ty=Engine::CObserver *
          ]
c:\users\zooz2\desktop\portfolio\reference\headers\Transform.h(60): warning C4251: 'Engine::CTransform::m_WorldMatrix': struct 'D3DXMATRIX'에서는 class 'Engine::CTransform'의 클라이언트에서 DLL 인터페이스를 사용하도록 지정해야 합니다.
  c:\program files (x86)\microsoft directx sdk (june 2010)\include\d3dx9math.h(312): note: 'D3DXMATRIX' 선언을 참조하십시오.
c:\users\zooz2\desktop\portfolio\reference\headers\Camera.h(36): warning C4251: 'Engine::CCamera::m_ViewMatrix': struct 'D3DXMATRIX'에서는 class 'Engine::CCamera'의 클라이언트에서 DLL 인터페이스를 사용하도록 지정해야 합니다.
  c:\program files (x86)\microsoft directx sdk (june 2010)\include\d3dx9math.h(312): note: 'D3DXMATRIX' 선언을 참조하십시오.
c:\users\zooz2\desktop\portfolio\reference\headers\Camera.h(37): warning C4251: 'Engine::CCamera::m_ProjMatrix': struct 'D3DXMATRIX'에서는 class 'Engine::CCamera'의 클라이언트에서 DLL 인터페이스를 사용하도록 지정해야 합니다.
  c:\program files (x86)\microsoft directx sdk (june 2010)\include\d3dx9math.h(312): note: 'D3DXMATRIX' 선언을 참조하십시오.
c:\users\zooz2\desktop\portfolio\reference\headers\Frustum.h(21): warning C4251: 'Engine::CFrustum::m_vProjPoint': struct 'D3DXVECTOR3'에서는 class 'Engine::CFrustum'의 클라이언트에서 DLL 인터페이스를 사용하도록 지정해야 합니다.
  c:\program files (x86)\microsoft directx sdk (june 2010)\include\d3dx9math.h(162): note: 'D3DXVECTOR3' 선언을 참조하십시오.
c:\users\zooz2\desktop\portfolio\reference\headers\Frustum.h(23): warning C4251: 'Engine::CFrustum::m_Plane': struct 'D3DXPLANE'에서는 class 'Engine::CFrustum'의 클라이언트에서 DLL 인터페이스를 사용하도록 지정해야 합니다.
  c:\program files (x86)\microsoft directx sdk (june 2010)\include\d3dx9math.h(472): note: 'D3DXPLANE' 선언을 참조하십시오.
c:\users\zooz2\desktop\portfolio\reference\headers\Texture.h(24): warning C4251: 'Engine::CTexture::m_Textures': class 'std::vector<IDirect3DBaseTexture9 *,std::allocator<_Ty>>'에서는 class 'Engine::CTexture'의 클라이언트에서 DLL 인터페이스를 사용하도록 지정해야 합니다.
          with
          [
              _Ty=IDirect3DBaseTexture9 *
          ]
  c:\users\zooz2\desktop\portfolio\reference\headers\Texture.h(24): note: 'std::vector<IDirect3DBaseTexture9 *,std::allocator<_Ty>>' 선언을 참조하십시오.
          with
          [
              _Ty=IDirect3DBaseTexture9 *
          ]
c:\users\zooz2\desktop\portfolio\reference\headers\Renderer.h(29): warning C4251: 'Engine::CRenderer::m_RenderList': class 'std::list<Engine::CGameObject *,std::allocator<_Ty>>'에서는 class 'Engine::CRenderer'의 클라이언트에서 DLL 인터페이스를 사용하도록 지정해야 합니다.
          with
          [
              _Ty=Engine::CGameObject *
          ]
  c:\users\zooz2\desktop\portfolio\reference\headers\Layer.h(24): note: 'std::list<Engine::CGameObject *,std::allocator<_Ty>>' 선언을 참조하십시오.
          with
          [
              _Ty=Engine::CGameObject *
          ]
c:\users\zooz2\desktop\portfolio\reference\headers\Collider.h(66): warning C4251: 'Engine::CCollider::m_vMin': struct 'D3DXVECTOR3'에서는 class 'Engine::CCollider'의 클라이언트에서 DLL 인터페이스를 사용하도록 지정해야 합니다.
  c:\program files (x86)\microsoft directx sdk (june 2010)\include\d3dx9math.h(162): note: 'D3DXVECTOR3' 선언을 참조하십시오.
c:\users\zooz2\desktop\portfolio\reference\headers\Collider.h(66): warning C4251: 'Engine::CCollider::m_vMax': struct 'D3DXVECTOR3'에서는 class 'Engine::CCollider'의 클라이언트에서 DLL 인터페이스를 사용하도록 지정해야 합니다.
  c:\program files (x86)\microsoft directx sdk (june 2010)\include\d3dx9math.h(162): note: 'D3DXVECTOR3' 선언을 참조하십시오.
c:\users\zooz2\desktop\portfolio\reference\headers\Collider.h(69): warning C4251: 'Engine::CCollider::m_vPoint': struct 'D3DXVECTOR3'에서는 class 'Engine::CCollider'의 클라이언트에서 DLL 인터페이스를 사용하도록 지정해야 합니다.
  c:\program files (x86)\microsoft directx sdk (june 2010)\include\d3dx9math.h(162): note: 'D3DXVECTOR3' 선언을 참조하십시오.
c:\users\zooz2\desktop\portfolio\reference\headers\Cell.h(42): warning C4251: 'Engine::CCell::m_vPoint': struct 'D3DXVECTOR3'에서는 class 'Engine::CCell'의 클라이언트에서 DLL 인터페이스를 사용하도록 지정해야 합니다.
  c:\program files (x86)\microsoft directx sdk (june 2010)\include\d3dx9math.h(162): note: 'D3DXVECTOR3' 선언을 참조하십시오.
c:\users\zooz2\desktop\portfolio\reference\headers\Cell.h(43): warning C4251: 'Engine::CCell::m_vDir': struct 'D3DXVECTOR3'에서는 class 'Engine::CCell'의 클라이언트에서 DLL 인터페이스를 사용하도록 지정해야 합니다.
  c:\program files (x86)\microsoft directx sdk (june 2010)\include\d3dx9math.h(162): note: 'D3DXVECTOR3' 선언을 참조하십시오.
c:\users\zooz2\desktop\portfolio\reference\headers\Cell.h(44): warning C4251: 'Engine::CCell::m_vNormal': struct 'D3DXVECTOR3'에서는 class 'Engine::CCell'의 클라이언트에서 DLL 인터페이스를 사용하도록 지정해야 합니다.
  c:\program files (x86)\microsoft directx sdk (june 2010)\include\d3dx9math.h(162): note: 'D3DXVECTOR3' 선언을 참조하십시오.
c:\users\zooz2\desktop\portfolio\reference\headers\Cell.h(45): warning C4251: 'Engine::CCell::m_vSurfaceNormal': struct 'D3DXVECTOR3'에서는 class 'Engine::CCell'의 클라이언트에서 DLL 인터페이스를 사용하도록 지정해야 합니다.
  c:\program files (x86)\microsoft directx sdk (june 2010)\include\d3dx9math.h(162): note: 'D3DXVECTOR3' 선언을 참조하십시오.
c:\users\zooz2\desktop\portfolio\reference\headers\Navigation.h(31): warning C4251: 'Engine::CNavigation::m_Cells': class 'std::vector<Engine::CCell *,std::allocator<_Ty>>'에서는 class 'Engine::CNavigation'의 클라이언트에서 DLL 인터페이스를 사용하도록 지정해야 합니다.
          with
          [
              _Ty=Engine::CCell *
          ]
  c:\users\zooz2\desktop\portfolio\reference\headers\Navigation.h(31): note: 'std::vector<Engine::CCell *,std::allocator<_Ty>>' 선언을 참조하십시오.
          with
          [
              _Ty=Engine::CCell *
          ]
c:\users\zooz2\desktop\portfolio\reference\headers\Mesh_Dynamic.h(37): warning C4251: 'Engine::CMesh_Dynamic::m_LocalMatrix': struct 'D3DXMATRIX'에서는 class 'Engine::CMesh_Dynamic'의 클라이언트에서 DLL 인터페이스를 사용하도록 지정해야 합니다.
  c:\program files (x86)\microsoft directx sdk (june 2010)\include\d3dx9math.h(312): note: 'D3DXMATRIX' 선언을 참조하십시오.
c:\users\zooz2\desktop\portfolio\reference\headers\Mesh_Dynamic.h(39): warning C4251: 'Engine::CMesh_Dynamic::m_MeshContainers': class 'std::vector<Engine::D3DXMESHCONTAINER_DERIVED *,std::allocator<_Ty>>'에서는 class 'Engine::CMesh_Dynamic'의 클라이언트에서 DLL 인터페이스를 사용하도록 지정해야 합니다.
          with
          [
              _Ty=Engine::D3DXMESHCONTAINER_DERIVED *
          ]
  c:\users\zooz2\desktop\portfolio\reference\headers\Mesh_Dynamic.h(39): note: 'std::vector<Engine::D3DXMESHCONTAINER_DERIVED *,std::allocator<_Ty>>' 선언을 참조하십시오.
          with
          [
              _Ty=Engine::D3DXMESHCONTAINER_DERIVED *
          ]
