c:\users\zooz2\desktop\portfolio\client\default\x64\release\client.pch
c:\users\zooz2\desktop\portfolio\client\default\x64\release\vc140.pdb
c:\users\zooz2\desktop\portfolio\client\default\x64\release\stdafx.obj
c:\users\zooz2\desktop\portfolio\client\default\x64\release\client.obj
c:\users\zooz2\desktop\portfolio\client\default\x64\release\terrain.obj
c:\users\zooz2\desktop\portfolio\client\default\x64\release\scene_stage.obj
c:\users\zooz2\desktop\portfolio\client\default\x64\release\scene_logo.obj
c:\users\zooz2\desktop\portfolio\client\default\x64\release\scene_boss.obj
c:\users\zooz2\desktop\portfolio\client\default\x64\release\monster.obj
c:\users\zooz2\desktop\portfolio\client\default\x64\release\mainapp.obj
c:\users\zooz2\desktop\portfolio\client\default\x64\release\loading_icon.obj
c:\users\zooz2\desktop\portfolio\client\default\x64\release\loading_background.obj
c:\users\zooz2\desktop\portfolio\client\default\x64\release\loading.obj
c:\users\zooz2\desktop\portfolio\client\default\x64\release\iomanager.obj
c:\users\zooz2\desktop\portfolio\client\default\x64\release\witchblade.obj
c:\users\zooz2\desktop\portfolio\client\default\x64\release\knole_warrior.obj
c:\users\zooz2\desktop\portfolio\client\default\x64\release\knole_commander.obj
c:\users\zooz2\desktop\portfolio\client\default\x64\release\babegazi_warrior.obj
c:\users\zooz2\desktop\portfolio\client\default\x64\release\babegazi_bow.obj
c:\users\zooz2\desktop\portfolio\client\default\x64\release\babegazi_axe.obj
c:\users\zooz2\desktop\portfolio\client\default\x64\release\player.obj
c:\users\zooz2\desktop\portfolio\client\default\x64\release\subject_player.obj
c:\users\zooz2\desktop\portfolio\client\default\x64\release\observer_player.obj
c:\users\zooz2\desktop\portfolio\client\default\x64\release\camera_player.obj
c:\users\zooz2\desktop\portfolio\client\default\x64\release\camera_free.obj
c:\users\zooz2\desktop\portfolio\client\bin\shader_blend.cso
c:\users\zooz2\desktop\portfolio\client\bin\shader_collider.cso
c:\users\zooz2\desktop\portfolio\client\bin\shader_default.cso
c:\users\zooz2\desktop\portfolio\client\bin\shader_lightacc.cso
c:\users\zooz2\desktop\portfolio\client\bin\shader_terrain.cso
c:\users\zooz2\desktop\portfolio\client\bin\shader_monster.cso
c:\users\zooz2\desktop\portfolio\client\bin\shader_player.cso
c:\users\zooz2\desktop\portfolio\client\bin\client.exe
c:\users\zooz2\desktop\portfolio\client\bin\client.ipdb
c:\users\zooz2\desktop\portfolio\client\bin\client.iobj
c:\users\zooz2\desktop\portfolio\client\bin\client.pdb
c:\users\zooz2\desktop\portfolio\client\default\x64\release\client.res
c:\users\zooz2\desktop\portfolio\client\default\..\bin\client.exe
c:\users\zooz2\desktop\portfolio\client\default\x64\release\client.tlog\cl.command.1.tlog
c:\users\zooz2\desktop\portfolio\client\default\x64\release\client.tlog\cl.read.1.tlog
c:\users\zooz2\desktop\portfolio\client\default\x64\release\client.tlog\cl.write.1.tlog
c:\users\zooz2\desktop\portfolio\client\default\x64\release\client.tlog\client.write.1u.tlog
c:\users\zooz2\desktop\portfolio\client\default\x64\release\client.tlog\fxc.command.1.tlog
c:\users\zooz2\desktop\portfolio\client\default\x64\release\client.tlog\fxc.read.1.tlog
c:\users\zooz2\desktop\portfolio\client\default\x64\release\client.tlog\fxc.write.1.tlog
c:\users\zooz2\desktop\portfolio\client\default\x64\release\client.tlog\link.command.1.tlog
c:\users\zooz2\desktop\portfolio\client\default\x64\release\client.tlog\link.read.1.tlog
c:\users\zooz2\desktop\portfolio\client\default\x64\release\client.tlog\link.write.1.tlog
c:\users\zooz2\desktop\portfolio\client\default\x64\release\client.tlog\rc.command.1.tlog
c:\users\zooz2\desktop\portfolio\client\default\x64\release\client.tlog\rc.read.1.tlog
c:\users\zooz2\desktop\portfolio\client\default\x64\release\client.tlog\rc.write.1.tlog
